<?xml version="1.0" encoding="UTF-8"?>
<!-- Generated by org.testng.reporters.JUnitReportReporter -->
<testsuite hostname="DESKTOP-THSNPJ0" failures="0" tests="1" name="demotest.AddAddressTest" time="0.015" errors="0" timestamp="2023-12-23T14:59:10 IST" skipped="0">
  <testcase classname="demotest.AddAddressTest" name="addAddress" time="0.015">
    <system-out>
      <![CDATA[Sathish]]>
    </system-out>
  </testcase> <!-- addAddress -->
  <system-out>
    <![CDATA[Sathish]]>
  </system-out>
</testsuite> <!-- demotest.AddAddressTest -->
